[1/12] cl /c /Zp8 /GR /W3 /EHs /nologo /MD /D_CRT_SECURE_NO_DEPRECATE /D_SCL_SECURE_NO_DEPRECATE /D_SECURE_SCL=0   /DMATLAB_MEX_FILE  /DMATLAB_MEX_FILE /O2 /Oy- /DNDEBUG /fp:strict /utf-8 /I "." /I "F:\Archive å½’æ¡£\0626\Dynamic" /I ".\interface" /I "F:\MATLAB\R2025b\extern\include" /I "." -DMODEL=calc_MCG_0625_mex /openmp /wd4101  calc_MCG_0625_data.c /Fobuild\win64\calc_MCG_0625_data.obj
calc_MCG_0625_data.c
[2/12] cl /c /Zp8 /GR /W3 /EHs /nologo /MD /D_CRT_SECURE_NO_DEPRECATE /D_SCL_SECURE_NO_DEPRECATE /D_SECURE_SCL=0   /DMATLAB_MEX_FILE  /DMATLAB_MEX_FILE /O2 /Oy- /DNDEBUG /fp:strict /utf-8 /I "." /I "F:\Archive å½’æ¡£\0626\Dynamic" /I ".\interface" /I "F:\MATLAB\R2025b\extern\include" /I "." -DMODEL=calc_MCG_0625_mex /openmp /wd4101  rt_nonfinite.c /Fobuild\win64\rt_nonfinite.obj
rt_nonfinite.c
[3/12] cl /c /Zp8 /GR /W3 /EHs /nologo /MD /D_CRT_SECURE_NO_DEPRECATE /D_SCL_SECURE_NO_DEPRECATE /D_SECURE_SCL=0   /DMATLAB_MEX_FILE  /DMATLAB_MEX_FILE /O2 /Oy- /DNDEBUG /fp:strict /utf-8 /I "." /I "F:\Archive å½’æ¡£\0626\Dynamic" /I ".\interface" /I "F:\MATLAB\R2025b\extern\include" /I "." -DMODEL=calc_MCG_0625_mex /openmp /wd4101  F:\MATLAB\R2025b\extern\version\c_mexapi_version.c /Fobuild\win64\c_mexapi_version.obj
c_mexapi_version.c
[4/12] cl /c /Zp8 /GR /W3 /EHs /nologo /MD /D_CRT_SECURE_NO_DEPRECATE /D_SCL_SECURE_NO_DEPRECATE /D_SECURE_SCL=0   /DMATLAB_MEX_FILE  /DMATLAB_MEX_FILE /O2 /Oy- /DNDEBUG /fp:strict /utf-8 /I "." /I "F:\Archive å½’æ¡£\0626\Dynamic" /I ".\interface" /I "F:\MATLAB\R2025b\extern\include" /I "." -DMODEL=calc_MCG_0625_mex /openmp /wd4101  calc_MCG_0625_terminate.c /Fobuild\win64\calc_MCG_0625_terminate.obj
calc_MCG_0625_terminate.c
[5/12] cl /c /Zp8 /GR /W3 /EHs /nologo /MD /D_CRT_SECURE_NO_DEPRECATE /D_SCL_SECURE_NO_DEPRECATE /D_SECURE_SCL=0   /DMATLAB_MEX_FILE  /DMATLAB_MEX_FILE /O2 /Oy- /DNDEBUG /fp:strict /utf-8 /I "." /I "F:\Archive å½’æ¡£\0626\Dynamic" /I ".\interface" /I "F:\MATLAB\R2025b\extern\include" /I "." -DMODEL=calc_MCG_0625_mex /openmp /wd4101  calc_MCG_0625_initialize.c /Fobuild\win64\calc_MCG_0625_initialize.obj
calc_MCG_0625_initialize.c
[6/12] cl /c /Zp8 /GR /W3 /EHs /nologo /MD /D_CRT_SECURE_NO_DEPRECATE /D_SCL_SECURE_NO_DEPRECATE /D_SECURE_SCL=0   /DMATLAB_MEX_FILE  /DMATLAB_MEX_FILE /O2 /Oy- /DNDEBUG /fp:strict /utf-8 /I "." /I "F:\Archive å½’æ¡£\0626\Dynamic" /I ".\interface" /I "F:\MATLAB\R2025b\extern\include" /I "." -DMODEL=calc_MCG_0625_mex /openmp /wd4101  interface\_coder_calc_MCG_0625_mex.c /Fobuild\win64\_coder_calc_MCG_0625_mex.obj
_coder_calc_MCG_0625_mex.c
[7/12] cl /c /Zp8 /GR /W3 /EHs /nologo /MD /D_CRT_SECURE_NO_DEPRECATE /D_SCL_SECURE_NO_DEPRECATE /D_SECURE_SCL=0   /DMATLAB_MEX_FILE  /DMATLAB_MEX_FILE /O2 /Oy- /DNDEBUG /fp:strict /utf-8 /I "." /I "F:\Archive å½’æ¡£\0626\Dynamic" /I ".\interface" /I "F:\MATLAB\R2025b\extern\include" /I "." -DMODEL=calc_MCG_0625_mex /openmp /wd4101  interface\_coder_calc_MCG_0625_info.c /Fobuild\win64\_coder_calc_MCG_0625_info.obj
_coder_calc_MCG_0625_info.c
[8/12] cl /c /Zp8 /GR /W3 /EHs /nologo /MD /D_CRT_SECURE_NO_DEPRECATE /D_SCL_SECURE_NO_DEPRECATE /D_SECURE_SCL=0   /DMATLAB_MEX_FILE  /DMATLAB_MEX_FILE /O2 /Oy- /DNDEBUG /fp:strict /utf-8 /I "." /I "F:\Archive å½’æ¡£\0626\Dynamic" /I ".\interface" /I "F:\MATLAB\R2025b\extern\include" /I "." -DMODEL=calc_MCG_0625_mex /openmp /wd4101  interface\_coder_calc_MCG_0625_api.c /Fobuild\win64\_coder_calc_MCG_0625_api.obj
_coder_calc_MCG_0625_api.c
[9/12] cl /c /Zp8 /GR /W3 /EHs /nologo /MD /D_CRT_SECURE_NO_DEPRECATE /D_SCL_SECURE_NO_DEPRECATE /D_SECURE_SCL=0   /DMATLAB_MEX_FILE  /DMATLAB_MEX_FILE /O2 /Oy- /DNDEBUG /fp:strict /utf-8 /I "." /I "F:\Archive å½’æ¡£\0626\Dynamic" /I ".\interface" /I "F:\MATLAB\R2025b\extern\include" /I "." -DMODEL=calc_MCG_0625_mex /openmp /wd4101  calc_pos_0318.c /Fobuild\win64\calc_pos_0318.obj
calc_pos_0318.c
[10/12] cl /c /Zp8 /GR /W3 /EHs /nologo /MD /D_CRT_SECURE_NO_DEPRECATE /D_SCL_SECURE_NO_DEPRECATE /D_SECURE_SCL=0   /DMATLAB_MEX_FILE  /DMATLAB_MEX_FILE /O2 /Oy- /DNDEBUG /fp:strict /utf-8 /I "." /I "F:\Archive å½’æ¡£\0626\Dynamic" /I ".\interface" /I "F:\MATLAB\R2025b\extern\include" /I "." -DMODEL=calc_MCG_0625_mex /openmp /wd4101  calc_aa_0318.c /Fobuild\win64\calc_aa_0318.obj
calc_aa_0318.c
[11/12] cl /c /Zp8 /GR /W3 /EHs /nologo /MD /D_CRT_SECURE_NO_DEPRECATE /D_SCL_SECURE_NO_DEPRECATE /D_SECURE_SCL=0   /DMATLAB_MEX_FILE  /DMATLAB_MEX_FILE /O2 /Oy- /DNDEBUG /fp:strict /utf-8 /I "." /I "F:\Archive å½’æ¡£\0626\Dynamic" /I ".\interface" /I "F:\MATLAB\R2025b\extern\include" /I "." -DMODEL=calc_MCG_0625_mex /openmp /wd4101  calc_MCG_0625.c /Fobuild\win64\calc_MCG_0625.obj
calc_MCG_0625.c
[12/12] link @calc_MCG_0625_mex.mexw64.rsp  /nologo /manifest   /DLL /LIBPATH:"F:\MATLAB\R2025b\extern\lib\win64\microsoft" libmx.lib libmex.lib libmat.lib kernel32.lib user32.lib gdi32.lib winspool.lib comdlg32.lib advapi32.lib shell32.lib ole32.lib oleaut32.lib uuid.lib odbc32.lib odbccp32.lib  /out:"calc_MCG_0625_mex.mexw64" libemlrt.lib libcovrt.lib libut.lib libmwmathutil.lib libiomp5md.lib /nodefaultlib:vcomp /LIBPATH:"F:\MATLAB\R2025b\bin\win64" /export:mexFunction /export:mexfilerequiredapiversion /export:emlrtMexFcnProperties /export:calc_MCG_0625 /export:calc_MCG_0625_initialize /export:calc_MCG_0625_terminate /export:calc_MCG_0625_atexit
  ÕýÔÚ´´½¨¿â calc_MCG_0625_mex.lib ºÍ¶ÔÏó calc_MCG_0625_mex.exp
